<?xml version="1.0" encoding="UTF-8"?>
<!-- Generated by org.testng.reporters.JUnitReportReporter -->
<testsuite hostname="DESKTOP-8T32VQS" failures="0" tests="5" name="Basic_Concepts.InvocationCount_04" time="0.034" errors="0" timestamp="2023-07-05T17:47:20 IST" skipped="0">
  <testcase classname="Basic_Concepts.InvocationCount_04" name="name" time="0.003">
    <system-out>
      <![CDATA[Hii from name]]>
    </system-out>
  </testcase> <!-- name -->
  <testcase classname="Basic_Concepts.InvocationCount_04" name="name" time="0.004">
    <system-out>
      <![CDATA[Hii from name]]>
    </system-out>
  </testcase> <!-- name -->
  <testcase classname="Basic_Concepts.InvocationCount_04" name="name" time="0.004">
    <system-out>
      <![CDATA[Hii from name]]>
    </system-out>
  </testcase> <!-- name -->
  <testcase classname="Basic_Concepts.InvocationCount_04" name="name" time="0.003">
    <system-out>
      <![CDATA[Hii from name]]>
    </system-out>
  </testcase> <!-- name -->
  <testcase classname="Basic_Concepts.InvocationCount_04" name="name" time="0.020">
    <system-out>
      <![CDATA[Hii from name]]>
    </system-out>
  </testcase> <!-- name -->
  <system-out>
    <![CDATA[Hii from name
Hii from name
Hii from name
Hii from name
Hii from name]]>
  </system-out>
</testsuite> <!-- Basic_Concepts.InvocationCount_04 -->
