<?xml version="1.0" encoding="UTF-8"?>
<!-- Generated by org.testng.reporters.JUnitReportReporter -->
<testsuite hostname="DESKTOP-8T32VQS" failures="0" tests="3" name="Basic_Concepts.Enabled_ToSkipMethod_10" time="0.027" errors="0" timestamp="2023-07-05T18:09:06 IST" skipped="1">
  <testcase classname="Basic_Concepts.Enabled_ToSkipMethod_10" name="test03" time="0.010">
    <system-out>
      <![CDATA[Test03 execution]]>
    </system-out>
  </testcase> <!-- test03 -->
  <testcase classname="Basic_Concepts.Enabled_ToSkipMethod_10" name="test01" time="0.017">
    <system-out>
      <![CDATA[Test01 execution]]>
    </system-out>
  </testcase> <!-- test01 -->
  <testcase classname="Basic_Concepts.Enabled_ToSkipMethod_10" name="test02">
    <skipped/>
  </testcase> <!-- test02 -->
  <system-out>
    <![CDATA[Test01 execution
Test03 execution]]>
  </system-out>
</testsuite> <!-- Basic_Concepts.Enabled_ToSkipMethod_10 -->
