<?xml version="1.0" encoding="UTF-8"?>
<!-- Generated by org.testng.reporters.JUnitReportReporter -->
<testsuite hostname="DESKTOP-8T32VQS" failures="0" tests="4" name="Basic_Concepts.DependsOnGroup_09" time="0.027" errors="0" timestamp="2023-07-05T18:00:59 IST" skipped="0">
  <testcase classname="Basic_Concepts.DependsOnGroup_09" name="m3" time="0.003">
    <system-out>
      <![CDATA[Hello from m3]]>
    </system-out>
  </testcase> <!-- m3 -->
  <testcase classname="Basic_Concepts.DependsOnGroup_09" name="m1" time="0.018">
    <system-out>
      <![CDATA[Hello from m1]]>
    </system-out>
  </testcase> <!-- m1 -->
  <testcase classname="Basic_Concepts.DependsOnGroup_09" name="m4" time="0.002">
    <system-out>
      <![CDATA[Hello from m1]]>
    </system-out>
  </testcase> <!-- m4 -->
  <testcase classname="Basic_Concepts.DependsOnGroup_09" name="m2" time="0.004">
    <system-out>
      <![CDATA[Hello from m2]]>
    </system-out>
  </testcase> <!-- m2 -->
  <system-out>
    <![CDATA[Hello from m1
Hello from m2
Hello from m3
Hello from m1]]>
  </system-out>
</testsuite> <!-- Basic_Concepts.DependsOnGroup_09 -->
