<?xml version="1.0" encoding="UTF-8"?>
<!-- Generated by org.testng.reporters.JUnitReportReporter -->
<testsuite hostname="DESKTOP-8T32VQS" failures="0" tests="3" name="Basic_Concepts.TestAnnotation_aboveClass_02" time="0.024" errors="0" timestamp="2023-07-05T17:33:44 IST" skipped="0">
  <testcase classname="Basic_Concepts.TestAnnotation_aboveClass_02" name="m1" time="0.015">
    <system-out>
      <![CDATA[Hello from m1 ]]>
    </system-out>
  </testcase> <!-- m1 -->
  <testcase classname="Basic_Concepts.TestAnnotation_aboveClass_02" name="m2" time="0.004">
    <system-out>
      <![CDATA[Hello from m1 ]]>
    </system-out>
  </testcase> <!-- m2 -->
  <testcase classname="Basic_Concepts.TestAnnotation_aboveClass_02" name="m3" time="0.005">
    <system-out>
      <![CDATA[Hello from m1 ]]>
    </system-out>
  </testcase> <!-- m3 -->
  <system-out>
    <![CDATA[Hello from m1 
Hello from m1 
Hello from m1 ]]>
  </system-out>
</testsuite> <!-- Basic_Concepts.TestAnnotation_aboveClass_02 -->
