<?xml version="1.0" encoding="UTF-8"?>
<!-- Generated by org.testng.reporters.JUnitReportReporter -->
<testsuite hostname="DESKTOP-8T32VQS" failures="0" tests="3" name="FT.S1" time="0.049" errors="0" timestamp="2023-07-05T13:23:25 IST" skipped="0">
  <testcase classname="FT.S1" name="s1_m2" time="0.020">
    <system-out>
      <![CDATA[Hello from s1_m2 valid method]]>
    </system-out>
  </testcase> <!-- s1_m2 -->
  <testcase classname="FT.S1" name="s1_m1" time="0.027">
    <system-out>
      <![CDATA[Hello from s1_m1 valid method]]>
    </system-out>
  </testcase> <!-- s1_m1 -->
  <testcase classname="FT.S1" name="s1_m3" time="0.002">
    <system-out>
      <![CDATA[Hello from s1_m3 Invalid method]]>
    </system-out>
  </testcase> <!-- s1_m3 -->
  <system-out>
    <![CDATA[Hello from s1_m1 valid method
Hello from s1_m2 valid method
Hello from s1_m3 Invalid method]]>
  </system-out>
</testsuite> <!-- FT.S1 -->
