<?xml version="1.0" encoding="UTF-8"?>
<!-- Generated by org.testng.reporters.JUnitReportReporter -->
<testsuite hostname="DESKTOP-8T32VQS" failures="0" tests="4" name="Basic_Concepts.TestAnnotationOnMethods_01" time="0.064" errors="0" timestamp="2023-07-05T17:28:53 IST" skipped="0">
  <testcase classname="Basic_Concepts.TestAnnotationOnMethods_01" name="m1" time="0.024">
    <system-out>
      <![CDATA[Hello from m1 ]]>
    </system-out>
  </testcase> <!-- m1 -->
  <testcase classname="Basic_Concepts.TestAnnotationOnMethods_01" name="m2" time="0.009">
    <system-out>
      <![CDATA[Hello from m1 ]]>
    </system-out>
  </testcase> <!-- m2 -->
  <testcase classname="Basic_Concepts.TestAnnotationOnMethods_01" name="m4" time="0.009">
    <system-out>
      <![CDATA[Hello from m1 ]]>
    </system-out>
  </testcase> <!-- m4 -->
  <testcase classname="Basic_Concepts.TestAnnotationOnMethods_01" name="m3" time="0.022">
    <system-out>
      <![CDATA[Hello from m1 ]]>
    </system-out>
  </testcase> <!-- m3 -->
  <system-out>
    <![CDATA[Hello from m1 
Hello from m1 
Hello from m1 
Hello from m1 ]]>
  </system-out>
</testsuite> <!-- Basic_Concepts.TestAnnotationOnMethods_01 -->
