<?xml version="1.0" encoding="UTF-8"?>
<!-- Generated by org.testng.reporters.JUnitReportReporter -->
<testsuite hostname="DESKTOP-8T32VQS" failures="0" tests="5" name="Basic_Concepts.Priority_03" time="0.037" errors="0" timestamp="2023-07-05T17:44:39 IST" skipped="0">
  <testcase classname="Basic_Concepts.Priority_03" name="createAccount" time="0.016">
    <system-out>
      <![CDATA[Hii from createAccount]]>
    </system-out>
  </testcase> <!-- createAccount -->
  <testcase classname="Basic_Concepts.Priority_03" name="deleteBio" time="0.010">
    <system-out>
      <![CDATA[Hii from Delete Bio]]>
    </system-out>
  </testcase> <!-- deleteBio -->
  <testcase classname="Basic_Concepts.Priority_03" name="deleteAccount" time="0.004">
    <system-out>
      <![CDATA[Hii from deleteAccount]]>
    </system-out>
  </testcase> <!-- deleteAccount -->
  <testcase classname="Basic_Concepts.Priority_03" name="edditAccount" time="0.004">
    <system-out>
      <![CDATA[Hii from edditAccount]]>
    </system-out>
  </testcase> <!-- edditAccount -->
  <testcase classname="Basic_Concepts.Priority_03" name="Add" time="0.003">
    <system-out>
      <![CDATA[Hii from Add]]>
    </system-out>
  </testcase> <!-- Add -->
  <system-out>
    <![CDATA[Hii from createAccount
Hii from deleteAccount
Hii from Delete Bio
Hii from edditAccount
Hii from Add]]>
  </system-out>
</testsuite> <!-- Basic_Concepts.Priority_03 -->
