<?xml version="1.0" encoding="UTF-8"?>
<!-- Generated by org.testng.reporters.JUnitReportReporter -->
<testsuite hostname="DESKTOP-8T32VQS" failures="0" tests="1" name="Basic_Concepts.ExpectedException_12" time="2.036" errors="0" timestamp="2023-07-05T18:16:23 IST" skipped="0">
  <testcase classname="Basic_Concepts.ExpectedException_12" name="name" time="2.036"/>
</testsuite> <!-- Basic_Concepts.ExpectedException_12 -->
